<?xml version="1.0" encoding="UTF-8"?>
<!-- Generated by org.testng.reporters.JUnitXMLReporter -->
<testsuite ignored="12" hostname="DESKTOP-FADL0SF" failures="0" tests="1" name="Default test" time="1.414" errors="0" timestamp="2023-01-04T18:17:27 IST">
  <testcase classname="com.bridgelabz.qa.api.json.automation.Json_server_Api_Automation_Testing_Test" name="get_Profile" time="1.381"/>
  <testcase classname="com.bridgelabz.qa.api.json.automation.Json_server_Api_Automation_Testing_Test" name="get_Post" time="0.0">
    <ignored/>
  </testcase> <!-- get_Post -->
  <testcase classname="com.bridgelabz.qa.api.json.automation.Json_server_Api_Automation_Testing_Test" name="update_Comment" time="0.0">
    <ignored/>
  </testcase> <!-- update_Comment -->
  <testcase classname="com.bridgelabz.qa.api.json.automation.Json_server_Api_Automation_Testing_Test" name="post_Delete" time="0.0">
    <ignored/>
  </testcase> <!-- post_Delete -->
  <testcase classname="com.bridgelabz.qa.api.json.automation.Json_server_Api_Automation_Testing_Test" name="create_Comment" time="0.0">
    <ignored/>
  </testcase> <!-- create_Comment -->
  <testcase classname="com.bridgelabz.qa.api.json.automation.Json_server_Api_Automation_Testing_Test" name="get_Comments" time="0.0">
    <ignored/>
  </testcase> <!-- get_Comments -->
  <testcase classname="com.bridgelabz.qa.api.json.automation.Json_server_Api_Automation_Testing_Test" name="create_Profile" time="0.0">
    <ignored/>
  </testcase> <!-- create_Profile -->
  <testcase classname="com.bridgelabz.qa.api.json.automation.Json_server_Api_Automation_Testing_Test" name="update_Patch_post" time="0.0">
    <ignored/>
  </testcase> <!-- update_Patch_post -->
  <testcase classname="com.bridgelabz.qa.api.json.automation.Json_server_Api_Automation_Testing_Test" name="comment_Delete" time="0.0">
    <ignored/>
  </testcase> <!-- comment_Delete -->
  <testcase classname="com.bridgelabz.qa.api.json.automation.Json_server_Api_Automation_Testing_Test" name="profile_Delete" time="0.0">
    <ignored/>
  </testcase> <!-- profile_Delete -->
  <testcase classname="com.bridgelabz.qa.api.json.automation.Json_server_Api_Automation_Testing_Test" name="update_Patch_Comment" time="0.0">
    <ignored/>
  </testcase> <!-- update_Patch_Comment -->
  <testcase classname="com.bridgelabz.qa.api.json.automation.Json_server_Api_Automation_Testing_Test" name="create_post" time="0.0">
    <ignored/>
  </testcase> <!-- create_post -->
  <testcase classname="com.bridgelabz.qa.api.json.automation.Json_server_Api_Automation_Testing_Test" name="update_Post" time="0.0">
    <ignored/>
  </testcase> <!-- update_Post -->
</testsuite> <!-- Default test -->
