<?xml version="1.0" encoding="UTF-8"?>
<testng-results ignored="12" total="13" passed="1" failed="0" skipped="0">
  <reporter-output>
  </reporter-output>
  <suite started-at="2023-01-04T18:17:26 IST" name="Default suite" finished-at="2023-01-04T18:17:27 IST" duration-ms="1414">
    <groups>
    </groups>
    <test started-at="2023-01-04T18:17:26 IST" name="Default test" finished-at="2023-01-04T18:17:27 IST" duration-ms="1414">
      <class name="com.bridgelabz.qa.api.json.automation.Json_server_Api_Automation_Testing_Test">
        <test-method signature="get_Profile()[pri:0, instance:com.bridgelabz.qa.api.json.automation.Json_server_Api_Automation_Testing_Test@2ea227af]" started-at="2023-01-04T18:17:26 IST" name="get_Profile" finished-at="2023-01-04T18:17:27 IST" duration-ms="1381" status="PASS">
          <reporter-output>
          </reporter-output>
        </test-method> <!-- get_Profile -->
      </class> <!-- com.bridgelabz.qa.api.json.automation.Json_server_Api_Automation_Testing_Test -->
    </test> <!-- Default test -->
  </suite> <!-- Default suite -->
</testng-results>
